{"numTotalTestSuites":48,"numPassedTestSuites":41,"numFailedTestSuites":7,"numPendingTestSuites":0,"numTotalTests":76,"numPassedTests":50,"numFailedTests":14,"numPendingTests":12,"numTodoTests":0,"snapshot":{"added":0,"failure":false,"filesAdded":0,"filesRemoved":0,"filesRemovedList":[],"filesUnmatched":0,"filesUpdated":0,"matched":0,"total":0,"unchecked":0,"uncheckedKeysByFile":[],"unmatched":0,"updated":0,"didUpdate":false},"startTime":1766104422572,"success":false,"testResults":[{"assertionResults":[{"ancestorTitles":["ShadowLogger","Encryption and Decryption"],"fullName":"ShadowLogger Encryption and Decryption encrypts and decrypts string data","status":"passed","title":"encrypts and decrypts string data","duration":6.605599999999981,"failureMessages":[],"meta":{}},{"ancestorTitles":["ShadowLogger","Shadow Logging"],"fullName":"ShadowLogger Shadow Logging writes and reads shadow logs","status":"passed","title":"writes and reads shadow logs","duration":131.65780000000007,"failureMessages":[],"meta":{}},{"ancestorTitles":["ShadowLogger","Public Logging"],"fullName":"ShadowLogger Public Logging logs public operations","status":"passed","title":"logs public operations","duration":5.698800000000006,"failureMessages":[],"meta":{}},{"ancestorTitles":["ShadowLogger","Statistics and Cleanup"],"fullName":"ShadowLogger Statistics and Cleanup returns log statistics","status":"passed","title":"returns log statistics","duration":177.80650000000003,"failureMessages":[],"meta":{}},{"ancestorTitles":["ShadowLogger","Statistics and Cleanup"],"fullName":"ShadowLogger Statistics and Cleanup cleans up old logs","status":"passed","title":"cleans up old logs","duration":11.222899999999981,"failureMessages":[],"meta":{}}],"startTime":1766104423279,"endTime":1766104423613.223,"status":"passed","message":"","name":"C:/Users/Bobby/Bobbys-Workshop-/tests/shadow-logger.test.js"},{"assertionResults":[{"ancestorTitles":["Trapdoor API Tests","Authentication"],"fullName":"Trapdoor API Tests Authentication should reject requests without API key","status":"skipped","title":"should reject requests without API key","failureMessages":[],"meta":{}},{"ancestorTitles":["Trapdoor API Tests","Authentication"],"fullName":"Trapdoor API Tests Authentication should reject requests with invalid API key","status":"skipped","title":"should reject requests with invalid API key","failureMessages":[],"meta":{}},{"ancestorTitles":["Trapdoor API Tests","Authentication"],"fullName":"Trapdoor API Tests Authentication should accept requests with valid API key","status":"skipped","title":"should accept requests with valid API key","failureMessages":[],"meta":{}},{"ancestorTitles":["Trapdoor API Tests","Throttling"],"fullName":"Trapdoor API Tests Throttling should enforce rate limits","status":"skipped","title":"should enforce rate limits","failureMessages":[],"meta":{}},{"ancestorTitles":["Trapdoor API Tests","Workflow Execution"],"fullName":"Trapdoor API Tests Workflow Execution should list available workflows","status":"skipped","title":"should list available workflows","failureMessages":[],"meta":{}},{"ancestorTitles":["Trapdoor API Tests","Workflow Execution"],"fullName":"Trapdoor API Tests Workflow Execution should validate workflow parameters","status":"skipped","title":"should validate workflow parameters","failureMessages":[],"meta":{}},{"ancestorTitles":["Trapdoor API Tests","Batch Workflows"],"fullName":"Trapdoor API Tests Batch Workflows should reject empty batch","status":"skipped","title":"should reject empty batch","failureMessages":[],"meta":{}},{"ancestorTitles":["Trapdoor API Tests","Batch Workflows"],"fullName":"Trapdoor API Tests Batch Workflows should enforce batch size limit","status":"skipped","title":"should enforce batch size limit","failureMessages":[],"meta":{}},{"ancestorTitles":["Trapdoor API Tests","Monitoring"],"fullName":"Trapdoor API Tests Monitoring should return monitoring statistics","status":"skipped","title":"should return monitoring statistics","failureMessages":[],"meta":{}},{"ancestorTitles":["Trapdoor API Tests","Shadow Logs"],"fullName":"Trapdoor API Tests Shadow Logs should retrieve shadow logs","status":"skipped","title":"should retrieve shadow logs","failureMessages":[],"meta":{}},{"ancestorTitles":["Trapdoor API Tests","Shadow Logs"],"fullName":"Trapdoor API Tests Shadow Logs should allow log cleanup","status":"skipped","title":"should allow log cleanup","failureMessages":[],"meta":{}}],"startTime":1766104422572,"endTime":1766104422572,"status":"passed","message":"","name":"C:/Users/Bobby/Bobbys-Workshop-/tests/trapdoor-api.test.js"},{"assertionResults":[{"ancestorTitles":["WorkflowEngine","Workflow Loading"],"fullName":"WorkflowEngine Workflow Loading should load an existing workflow","status":"passed","title":"should load an existing workflow","duration":54.16630000000009,"failureMessages":[],"meta":{}},{"ancestorTitles":["WorkflowEngine","Workflow Loading"],"fullName":"WorkflowEngine Workflow Loading should fail to load non-existent workflow","status":"passed","title":"should fail to load non-existent workflow","duration":1.51949999999988,"failureMessages":[],"meta":{}},{"ancestorTitles":["WorkflowEngine","Workflow Loading"],"fullName":"WorkflowEngine Workflow Loading should validate workflow schema","status":"passed","title":"should validate workflow schema","duration":5.2422999999998865,"failureMessages":[],"meta":{}},{"ancestorTitles":["WorkflowEngine","Workflow Listing"],"fullName":"WorkflowEngine Workflow Listing should list all available workflows","status":"passed","title":"should list all available workflows","duration":17.6721,"failureMessages":[],"meta":{}},{"ancestorTitles":["WorkflowEngine","Workflow Listing"],"fullName":"WorkflowEngine Workflow Listing should include workflow metadata","status":"passed","title":"should include workflow metadata","duration":30.02110000000016,"failureMessages":[],"meta":{}},{"ancestorTitles":["WorkflowEngine","Workflow Validation"],"fullName":"WorkflowEngine Workflow Validation should validate workflow structure","status":"passed","title":"should validate workflow structure","duration":1.2578000000000884,"failureMessages":[],"meta":{}},{"ancestorTitles":["WorkflowEngine","Workflow Validation"],"fullName":"WorkflowEngine Workflow Validation should reject invalid workflows","status":"passed","title":"should reject invalid workflows","duration":1.10550000000012,"failureMessages":[],"meta":{}},{"ancestorTitles":["WorkflowEngine","Step Execution"],"fullName":"WorkflowEngine Step Execution should execute wait steps","status":"passed","title":"should execute wait steps","duration":1004.6191000000001,"failureMessages":[],"meta":{}},{"ancestorTitles":["WorkflowEngine","Step Execution"],"fullName":"WorkflowEngine Step Execution should execute log steps","status":"passed","title":"should execute log steps","duration":3.471599999999853,"failureMessages":[],"meta":{}}],"startTime":1766104423714,"endTime":1766104424834.4717,"status":"passed","message":"","name":"C:/Users/Bobby/Bobbys-Workshop-/tests/workflow-engine.test.js"},{"assertionResults":[{"ancestorTitles":["Workflow Validation Tests","Schema Validation"],"fullName":"Workflow Validation Tests Schema Validation should validate correct workflow","status":"passed","title":"should validate correct workflow","duration":24.107399999999984,"failureMessages":[],"meta":{}},{"ancestorTitles":["Workflow Validation Tests","Schema Validation"],"fullName":"Workflow Validation Tests Schema Validation should reject workflow missing required fields","status":"passed","title":"should reject workflow missing required fields","duration":1.1435999999999922,"failureMessages":[],"meta":{}},{"ancestorTitles":["Workflow Validation Tests","Schema Validation"],"fullName":"Workflow Validation Tests Schema Validation should reject invalid platform","status":"passed","title":"should reject invalid platform","duration":0.36379999999996926,"failureMessages":[],"meta":{}},{"ancestorTitles":["Workflow Validation Tests","Schema Validation"],"fullName":"Workflow Validation Tests Schema Validation should reject invalid step type","status":"passed","title":"should reject invalid step type","duration":0.5230999999999995,"failureMessages":[],"meta":{}},{"ancestorTitles":["Workflow Validation Tests","Schema Validation"],"fullName":"Workflow Validation Tests Schema Validation should reject duplicate step IDs","status":"passed","title":"should reject duplicate step IDs","duration":0.502399999999966,"failureMessages":[],"meta":{}},{"ancestorTitles":["Workflow Validation Tests","Schema Validation"],"fullName":"Workflow Validation Tests Schema Validation should validate authorization requirement","status":"passed","title":"should validate authorization requirement","duration":0.26300000000003365,"failureMessages":[],"meta":{}},{"ancestorTitles":["Workflow Validation Tests","Workflow Sanitization"],"fullName":"Workflow Validation Tests Workflow Sanitization should add default values","status":"passed","title":"should add default values","duration":1.739400000000046,"failureMessages":[],"meta":{}},{"ancestorTitles":["Workflow Engine Tests","Workflow Loading"],"fullName":"Workflow Engine Tests Workflow Loading should load workflow from file","status":"passed","title":"should load workflow from file","duration":138.51350000000002,"failureMessages":[],"meta":{}},{"ancestorTitles":["Workflow Engine Tests","Workflow Loading"],"fullName":"Workflow Engine Tests Workflow Loading should validate workflow on load","status":"passed","title":"should validate workflow on load","duration":3.4003000000000156,"failureMessages":[],"meta":{}},{"ancestorTitles":["Workflow Engine Tests","Workflow Listing"],"fullName":"Workflow Engine Tests Workflow Listing should list all workflows","status":"passed","title":"should list all workflows","duration":621.1944000000001,"failureMessages":[],"meta":{}},{"ancestorTitles":["Shadow Logger Tests","Encryption"],"fullName":"Shadow Logger Tests Encryption should encrypt and decrypt data","status":"passed","title":"should encrypt and decrypt data","duration":3.239599999999882,"failureMessages":[],"meta":{}},{"ancestorTitles":["Shadow Logger Tests","Encryption"],"fullName":"Shadow Logger Tests Encryption should use AES-256-GCM","status":"passed","title":"should use AES-256-GCM","duration":0.9933000000000902,"failureMessages":[],"meta":{}},{"ancestorTitles":["Shadow Logger Tests","Logging"],"fullName":"Shadow Logger Tests Logging should log to shadow log","status":"passed","title":"should log to shadow log","duration":3.2110999999999876,"failureMessages":[],"meta":{}},{"ancestorTitles":["Shadow Logger Tests","Logging"],"fullName":"Shadow Logger Tests Logging should log to public log","status":"passed","title":"should log to public log","duration":6.923400000000129,"failureMessages":[],"meta":{}},{"ancestorTitles":["Shadow Logger Tests","Log Statistics"],"fullName":"Shadow Logger Tests Log Statistics should return log statistics","status":"passed","title":"should return log statistics","duration":3.0861999999999625,"failureMessages":[],"meta":{}}],"startTime":1766104424663,"endTime":1766104425474.0862,"status":"passed","message":"","name":"C:/Users/Bobby/Bobbys-Workshop-/tests/workflow-system.test.js"},{"assertionResults":[{"ancestorTitles":["Workflow E2E Tests"],"fullName":"Workflow E2E Tests skipped placeholder","status":"skipped","title":"skipped placeholder","failureMessages":[],"meta":{}}],"startTime":1766104422572,"endTime":1766104422572,"status":"passed","message":"","name":"C:/Users/Bobby/Bobbys-Workshop-/tests/e2e/workflow-execution.test.js"},{"assertionResults":[{"ancestorTitles":["Trapdoor API Integration"],"fullName":"Trapdoor API Integration rejects requests without API key","status":"passed","title":"rejects requests without API key","duration":101.9960000000001,"failureMessages":[],"meta":{}},{"ancestorTitles":["Trapdoor API Integration"],"fullName":"Trapdoor API Integration executes FRP bypass workflow when authorized","status":"passed","title":"executes FRP bypass workflow when authorized","duration":10.48350000000005,"failureMessages":[],"meta":{}},{"ancestorTitles":["Trapdoor API Integration"],"fullName":"Trapdoor API Integration executes bootloader unlock workflow when authorized","status":"passed","title":"executes bootloader unlock workflow when authorized","duration":6.498199999999997,"failureMessages":[],"meta":{}},{"ancestorTitles":["Trapdoor API Integration"],"fullName":"Trapdoor API Integration lists available workflows for admins","status":"passed","title":"lists available workflows for admins","duration":60.069600000000264,"failureMessages":[],"meta":{}},{"ancestorTitles":["Trapdoor API Integration"],"fullName":"Trapdoor API Integration retrieves shadow logs after operations","status":"passed","title":"retrieves shadow logs after operations","duration":18.775700000000143,"failureMessages":[],"meta":{}}],"startTime":1766104425818,"endTime":1766104426015.7756,"status":"passed","message":"","name":"C:/Users/Bobby/Bobbys-Workshop-/tests/integration/trapdoor-api.test.js"},{"assertionResults":[{"ancestorTitles":["ADB Library","isAvailable"],"fullName":"ADB Library isAvailable should return success when ADB is available","status":"failed","title":"should return success when ADB is available","duration":28.60050000000001,"failureMessages":["TypeError: ADBLibrary.isAvailable is not a function\n    at C:/Users/Bobby/Bobbys-Workshop-/tests/unit/adb.test.js:30:39\n    at file:///C:/Users/Bobby/Bobbys-Workshop-/node_modules/@vitest/runner/dist/index.js:145:11\n    at file:///C:/Users/Bobby/Bobbys-Workshop-/node_modules/@vitest/runner/dist/index.js:915:26\n    at file:///C:/Users/Bobby/Bobbys-Workshop-/node_modules/@vitest/runner/dist/index.js:1243:20\n    at new Promise (<anonymous>)\n    at runWithTimeout (file:///C:/Users/Bobby/Bobbys-Workshop-/node_modules/@vitest/runner/dist/index.js:1209:10)\n    at file:///C:/Users/Bobby/Bobbys-Workshop-/node_modules/@vitest/runner/dist/index.js:1653:37\n    at Traces.$ (file:///C:/Users/Bobby/Bobbys-Workshop-/node_modules/vitest/dist/chunks/traces.U4xDYhzZ.js:115:27)\n    at trace (file:///C:/Users/Bobby/Bobbys-Workshop-/node_modules/vitest/dist/chunks/test.B8ej_ZHS.js:239:21)\n    at runTest (file:///C:/Users/Bobby/Bobbys-Workshop-/node_modules/@vitest/runner/dist/index.js:1653:12)"],"meta":{}},{"ancestorTitles":["ADB Library","isAvailable"],"fullName":"ADB Library isAvailable should return error when ADB is not found","status":"failed","title":"should return error when ADB is not found","duration":0.85349999999994,"failureMessages":["TypeError: ADBLibrary.isAvailable is not a function\n    at C:/Users/Bobby/Bobbys-Workshop-/tests/unit/adb.test.js:40:39\n    at file:///C:/Users/Bobby/Bobbys-Workshop-/node_modules/@vitest/runner/dist/index.js:145:11\n    at file:///C:/Users/Bobby/Bobbys-Workshop-/node_modules/@vitest/runner/dist/index.js:915:26\n    at file:///C:/Users/Bobby/Bobbys-Workshop-/node_modules/@vitest/runner/dist/index.js:1243:20\n    at new Promise (<anonymous>)\n    at runWithTimeout (file:///C:/Users/Bobby/Bobbys-Workshop-/node_modules/@vitest/runner/dist/index.js:1209:10)\n    at file:///C:/Users/Bobby/Bobbys-Workshop-/node_modules/@vitest/runner/dist/index.js:1653:37\n    at Traces.$ (file:///C:/Users/Bobby/Bobbys-Workshop-/node_modules/vitest/dist/chunks/traces.U4xDYhzZ.js:115:27)\n    at trace (file:///C:/Users/Bobby/Bobbys-Workshop-/node_modules/vitest/dist/chunks/test.B8ej_ZHS.js:239:21)\n    at runTest (file:///C:/Users/Bobby/Bobbys-Workshop-/node_modules/@vitest/runner/dist/index.js:1653:12)"],"meta":{}},{"ancestorTitles":["ADB Library","listDevices"],"fullName":"ADB Library listDevices should list connected devices successfully","status":"failed","title":"should list connected devices successfully","duration":6.29989999999998,"failureMessages":["AssertionError: expected false to be true // Object.is equality\n    at C:/Users/Bobby/Bobbys-Workshop-/tests/unit/adb.test.js:57:30\n    at processTicksAndRejections (node:internal/process/task_queues:103:5)\n    at file:///C:/Users/Bobby/Bobbys-Workshop-/node_modules/@vitest/runner/dist/index.js:915:20"],"meta":{}},{"ancestorTitles":["ADB Library","listDevices"],"fullName":"ADB Library listDevices should return empty array when no devices connected","status":"failed","title":"should return empty array when no devices connected","duration":0.9923000000000002,"failureMessages":["AssertionError: expected false to be true // Object.is equality\n    at C:/Users/Bobby/Bobbys-Workshop-/tests/unit/adb.test.js:72:30\n    at processTicksAndRejections (node:internal/process/task_queues:103:5)\n    at file:///C:/Users/Bobby/Bobbys-Workshop-/node_modules/@vitest/runner/dist/index.js:915:20"],"meta":{}},{"ancestorTitles":["ADB Library","listDevices"],"fullName":"ADB Library listDevices should handle errors when listing devices","status":"failed","title":"should handle errors when listing devices","duration":2.6370000000000573,"failureMessages":["AssertionError: expected 'ADB not installed' to contain 'ADB command failed'\n    at C:/Users/Bobby/Bobbys-Workshop-/tests/unit/adb.test.js:82:28\n    at processTicksAndRejections (node:internal/process/task_queues:103:5)\n    at file:///C:/Users/Bobby/Bobbys-Workshop-/node_modules/@vitest/runner/dist/index.js:915:20"],"meta":{}},{"ancestorTitles":["ADB Library","executeCommand"],"fullName":"ADB Library executeCommand should execute ADB command on specific device","status":"failed","title":"should execute ADB command on specific device","duration":1.005899999999997,"failureMessages":["AssertionError: expected false to be true // Object.is equality\n    at C:/Users/Bobby/Bobbys-Workshop-/tests/unit/adb.test.js:94:30\n    at processTicksAndRejections (node:internal/process/task_queues:103:5)\n    at file:///C:/Users/Bobby/Bobbys-Workshop-/node_modules/@vitest/runner/dist/index.js:915:20"],"meta":{}},{"ancestorTitles":["ADB Library","executeCommand"],"fullName":"ADB Library executeCommand should execute ADB command without device serial","status":"failed","title":"should execute ADB command without device serial","duration":0.8751999999999498,"failureMessages":["AssertionError: expected false to be true // Object.is equality\n    at C:/Users/Bobby/Bobbys-Workshop-/tests/unit/adb.test.js:108:30\n    at processTicksAndRejections (node:internal/process/task_queues:103:5)\n    at file:///C:/Users/Bobby/Bobbys-Workshop-/node_modules/@vitest/runner/dist/index.js:915:20"],"meta":{}},{"ancestorTitles":["ADB Library","executeCommand"],"fullName":"ADB Library executeCommand should handle command execution errors","status":"failed","title":"should handle command execution errors","duration":0.9230999999999767,"failureMessages":["AssertionError: expected 'ADB not installed' to contain 'Command failed'\n    at C:/Users/Bobby/Bobbys-Workshop-/tests/unit/adb.test.js:126:28\n    at processTicksAndRejections (node:internal/process/task_queues:103:5)\n    at file:///C:/Users/Bobby/Bobbys-Workshop-/node_modules/@vitest/runner/dist/index.js:915:20"],"meta":{}},{"ancestorTitles":["ADB Library","getDeviceInfo"],"fullName":"ADB Library getDeviceInfo should retrieve device information successfully","status":"failed","title":"should retrieve device information successfully","duration":0.6313000000000102,"failureMessages":["TypeError: ADBLibrary.getDeviceInfo is not a function\n    at C:/Users/Bobby/Bobbys-Workshop-/tests/unit/adb.test.js:146:39\n    at file:///C:/Users/Bobby/Bobbys-Workshop-/node_modules/@vitest/runner/dist/index.js:145:11\n    at file:///C:/Users/Bobby/Bobbys-Workshop-/node_modules/@vitest/runner/dist/index.js:915:26\n    at file:///C:/Users/Bobby/Bobbys-Workshop-/node_modules/@vitest/runner/dist/index.js:1243:20\n    at new Promise (<anonymous>)\n    at runWithTimeout (file:///C:/Users/Bobby/Bobbys-Workshop-/node_modules/@vitest/runner/dist/index.js:1209:10)\n    at file:///C:/Users/Bobby/Bobbys-Workshop-/node_modules/@vitest/runner/dist/index.js:1653:37\n    at Traces.$ (file:///C:/Users/Bobby/Bobbys-Workshop-/node_modules/vitest/dist/chunks/traces.U4xDYhzZ.js:115:27)\n    at trace (file:///C:/Users/Bobby/Bobbys-Workshop-/node_modules/vitest/dist/chunks/test.B8ej_ZHS.js:239:21)\n    at runTest (file:///C:/Users/Bobby/Bobbys-Workshop-/node_modules/@vitest/runner/dist/index.js:1653:12)"],"meta":{}},{"ancestorTitles":["ADB Library","getDeviceInfo"],"fullName":"ADB Library getDeviceInfo should handle errors when getting device info","status":"failed","title":"should handle errors when getting device info","duration":0.5740999999999303,"failureMessages":["TypeError: ADBLibrary.getDeviceInfo is not a function\n    at C:/Users/Bobby/Bobbys-Workshop-/tests/unit/adb.test.js:160:39\n    at file:///C:/Users/Bobby/Bobbys-Workshop-/node_modules/@vitest/runner/dist/index.js:145:11\n    at file:///C:/Users/Bobby/Bobbys-Workshop-/node_modules/@vitest/runner/dist/index.js:915:26\n    at file:///C:/Users/Bobby/Bobbys-Workshop-/node_modules/@vitest/runner/dist/index.js:1243:20\n    at new Promise (<anonymous>)\n    at runWithTimeout (file:///C:/Users/Bobby/Bobbys-Workshop-/node_modules/@vitest/runner/dist/index.js:1209:10)\n    at file:///C:/Users/Bobby/Bobbys-Workshop-/node_modules/@vitest/runner/dist/index.js:1653:37\n    at Traces.$ (file:///C:/Users/Bobby/Bobbys-Workshop-/node_modules/vitest/dist/chunks/traces.U4xDYhzZ.js:115:27)\n    at trace (file:///C:/Users/Bobby/Bobbys-Workshop-/node_modules/vitest/dist/chunks/test.B8ej_ZHS.js:239:21)\n    at runTest (file:///C:/Users/Bobby/Bobbys-Workshop-/node_modules/@vitest/runner/dist/index.js:1653:12)"],"meta":{}},{"ancestorTitles":["ADB Library","checkFRPStatus"],"fullName":"ADB Library checkFRPStatus should detect FRP lock when android_id is short","status":"failed","title":"should detect FRP lock when android_id is short","duration":0.5132999999999583,"failureMessages":["TypeError: ADBLibrary.checkFRPStatus is not a function\n    at C:/Users/Bobby/Bobbys-Workshop-/tests/unit/adb.test.js:174:39\n    at file:///C:/Users/Bobby/Bobbys-Workshop-/node_modules/@vitest/runner/dist/index.js:145:11\n    at file:///C:/Users/Bobby/Bobbys-Workshop-/node_modules/@vitest/runner/dist/index.js:915:26\n    at file:///C:/Users/Bobby/Bobbys-Workshop-/node_modules/@vitest/runner/dist/index.js:1243:20\n    at new Promise (<anonymous>)\n    at runWithTimeout (file:///C:/Users/Bobby/Bobbys-Workshop-/node_modules/@vitest/runner/dist/index.js:1209:10)\n    at file:///C:/Users/Bobby/Bobbys-Workshop-/node_modules/@vitest/runner/dist/index.js:1653:37\n    at Traces.$ (file:///C:/Users/Bobby/Bobbys-Workshop-/node_modules/vitest/dist/chunks/traces.U4xDYhzZ.js:115:27)\n    at trace (file:///C:/Users/Bobby/Bobbys-Workshop-/node_modules/vitest/dist/chunks/test.B8ej_ZHS.js:239:21)\n    at runTest (file:///C:/Users/Bobby/Bobbys-Workshop-/node_modules/@vitest/runner/dist/index.js:1653:12)"],"meta":{}},{"ancestorTitles":["ADB Library","checkFRPStatus"],"fullName":"ADB Library checkFRPStatus should indicate no FRP lock when android_id is long","status":"failed","title":"should indicate no FRP lock when android_id is long","duration":0.45309999999994943,"failureMessages":["TypeError: ADBLibrary.checkFRPStatus is not a function\n    at C:/Users/Bobby/Bobbys-Workshop-/tests/unit/adb.test.js:186:39\n    at file:///C:/Users/Bobby/Bobbys-Workshop-/node_modules/@vitest/runner/dist/index.js:145:11\n    at file:///C:/Users/Bobby/Bobbys-Workshop-/node_modules/@vitest/runner/dist/index.js:915:26\n    at file:///C:/Users/Bobby/Bobbys-Workshop-/node_modules/@vitest/runner/dist/index.js:1243:20\n    at new Promise (<anonymous>)\n    at runWithTimeout (file:///C:/Users/Bobby/Bobbys-Workshop-/node_modules/@vitest/runner/dist/index.js:1209:10)\n    at file:///C:/Users/Bobby/Bobbys-Workshop-/node_modules/@vitest/runner/dist/index.js:1653:37\n    at Traces.$ (file:///C:/Users/Bobby/Bobbys-Workshop-/node_modules/vitest/dist/chunks/traces.U4xDYhzZ.js:115:27)\n    at trace (file:///C:/Users/Bobby/Bobbys-Workshop-/node_modules/vitest/dist/chunks/test.B8ej_ZHS.js:239:21)\n    at runTest (file:///C:/Users/Bobby/Bobbys-Workshop-/node_modules/@vitest/runner/dist/index.js:1653:12)"],"meta":{}},{"ancestorTitles":["ADB Library","checkFRPStatus"],"fullName":"ADB Library checkFRPStatus should handle errors when checking FRP status","status":"failed","title":"should handle errors when checking FRP status","duration":0.42459999999994125,"failureMessages":["TypeError: ADBLibrary.checkFRPStatus is not a function\n    at C:/Users/Bobby/Bobbys-Workshop-/tests/unit/adb.test.js:198:39\n    at file:///C:/Users/Bobby/Bobbys-Workshop-/node_modules/@vitest/runner/dist/index.js:145:11\n    at file:///C:/Users/Bobby/Bobbys-Workshop-/node_modules/@vitest/runner/dist/index.js:915:26\n    at file:///C:/Users/Bobby/Bobbys-Workshop-/node_modules/@vitest/runner/dist/index.js:1243:20\n    at new Promise (<anonymous>)\n    at runWithTimeout (file:///C:/Users/Bobby/Bobbys-Workshop-/node_modules/@vitest/runner/dist/index.js:1209:10)\n    at file:///C:/Users/Bobby/Bobbys-Workshop-/node_modules/@vitest/runner/dist/index.js:1653:37\n    at Traces.$ (file:///C:/Users/Bobby/Bobbys-Workshop-/node_modules/vitest/dist/chunks/traces.U4xDYhzZ.js:115:27)\n    at trace (file:///C:/Users/Bobby/Bobbys-Workshop-/node_modules/vitest/dist/chunks/test.B8ej_ZHS.js:239:21)\n    at runTest (file:///C:/Users/Bobby/Bobbys-Workshop-/node_modules/@vitest/runner/dist/index.js:1653:12)"],"meta":{}},{"ancestorTitles":["ADB Library","checkFRPStatus"],"fullName":"ADB Library checkFRPStatus should handle empty android_id response","status":"failed","title":"should handle empty android_id response","duration":0.44889999999998054,"failureMessages":["TypeError: ADBLibrary.checkFRPStatus is not a function\n    at C:/Users/Bobby/Bobbys-Workshop-/tests/unit/adb.test.js:207:39\n    at file:///C:/Users/Bobby/Bobbys-Workshop-/node_modules/@vitest/runner/dist/index.js:145:11\n    at file:///C:/Users/Bobby/Bobbys-Workshop-/node_modules/@vitest/runner/dist/index.js:915:26\n    at file:///C:/Users/Bobby/Bobbys-Workshop-/node_modules/@vitest/runner/dist/index.js:1243:20\n    at new Promise (<anonymous>)\n    at runWithTimeout (file:///C:/Users/Bobby/Bobbys-Workshop-/node_modules/@vitest/runner/dist/index.js:1209:10)\n    at file:///C:/Users/Bobby/Bobbys-Workshop-/node_modules/@vitest/runner/dist/index.js:1653:37\n    at Traces.$ (file:///C:/Users/Bobby/Bobbys-Workshop-/node_modules/vitest/dist/chunks/traces.U4xDYhzZ.js:115:27)\n    at trace (file:///C:/Users/Bobby/Bobbys-Workshop-/node_modules/vitest/dist/chunks/test.B8ej_ZHS.js:239:21)\n    at runTest (file:///C:/Users/Bobby/Bobbys-Workshop-/node_modules/@vitest/runner/dist/index.js:1653:12)"],"meta":{}}],"startTime":1766104423155,"endTime":1766104423200.449,"status":"failed","message":"","name":"C:/Users/Bobby/Bobbys-Workshop-/tests/unit/adb.test.js"},{"assertionResults":[{"ancestorTitles":["Fastboot Library"],"fullName":"Fastboot Library should check if Fastboot is available","status":"passed","title":"should check if Fastboot is available","duration":1.358199999999897,"failureMessages":[],"meta":{}},{"ancestorTitles":["Fastboot Library"],"fullName":"Fastboot Library should list connected fastboot devices","status":"passed","title":"should list connected fastboot devices","duration":0.2119000000000142,"failureMessages":[],"meta":{}},{"ancestorTitles":["Fastboot Library"],"fullName":"Fastboot Library should execute fastboot commands","status":"passed","title":"should execute fastboot commands","duration":0.1698999999998705,"failureMessages":[],"meta":{}},{"ancestorTitles":["Fastboot Library"],"fullName":"Fastboot Library should get bootloader status","status":"passed","title":"should get bootloader status","duration":0.16699999999991633,"failureMessages":[],"meta":{}},{"ancestorTitles":["Fastboot Library"],"fullName":"Fastboot Library should flash partitions","status":"passed","title":"should flash partitions","duration":0.17470000000002983,"failureMessages":[],"meta":{}}],"startTime":1766104426961,"endTime":1766104426963.1748,"status":"passed","message":"","name":"C:/Users/Bobby/Bobbys-Workshop-/tests/unit/fastboot.test.js"},{"assertionResults":[{"ancestorTitles":["Shadow Logger"],"fullName":"Shadow Logger should encrypt and log shadow entries","status":"passed","title":"should encrypt and log shadow entries","duration":69.70460000000003,"failureMessages":[],"meta":{}},{"ancestorTitles":["Shadow Logger"],"fullName":"Shadow Logger should decrypt shadow log entries","status":"passed","title":"should decrypt shadow log entries","duration":2.3319000000001324,"failureMessages":[],"meta":{}},{"ancestorTitles":["Shadow Logger"],"fullName":"Shadow Logger should log public entries without encryption","status":"passed","title":"should log public entries without encryption","duration":2.858399999999847,"failureMessages":[],"meta":{}},{"ancestorTitles":["Shadow Logger"],"fullName":"Shadow Logger should read shadow logs by date","status":"passed","title":"should read shadow logs by date","duration":1.2998999999999796,"failureMessages":[],"meta":{}},{"ancestorTitles":["Shadow Logger"],"fullName":"Shadow Logger should enforce retention policy","status":"passed","title":"should enforce retention policy","duration":1.802900000000136,"failureMessages":[],"meta":{}}],"startTime":1766104426364,"endTime":1766104426442.803,"status":"passed","message":"","name":"C:/Users/Bobby/Bobbys-Workshop-/tests/unit/shadow-logger.test.js"},{"assertionResults":[{"ancestorTitles":["Workflow Engine"],"fullName":"Workflow Engine should load workflow from JSON file","status":"passed","title":"should load workflow from JSON file","duration":1.3091999999999189,"failureMessages":[],"meta":{}},{"ancestorTitles":["Workflow Engine"],"fullName":"Workflow Engine should list available workflows","status":"passed","title":"should list available workflows","duration":0.21550000000002,"failureMessages":[],"meta":{}},{"ancestorTitles":["Workflow Engine"],"fullName":"Workflow Engine should execute workflow steps in sequence","status":"passed","title":"should execute workflow steps in sequence","duration":0.1711999999999989,"failureMessages":[],"meta":{}},{"ancestorTitles":["Workflow Engine"],"fullName":"Workflow Engine should handle step failures correctly","status":"passed","title":"should handle step failures correctly","duration":0.16739999999981592,"failureMessages":[],"meta":{}},{"ancestorTitles":["Workflow Engine"],"fullName":"Workflow Engine should require authorization for sensitive workflows","status":"passed","title":"should require authorization for sensitive workflows","duration":0.17059999999992215,"failureMessages":[],"meta":{}},{"ancestorTitles":["Workflow Engine"],"fullName":"Workflow Engine should log workflow execution to shadow logs","status":"passed","title":"should log workflow execution to shadow logs","duration":0.12799999999992906,"failureMessages":[],"meta":{}}],"startTime":1766104427564,"endTime":1766104427567.1707,"status":"passed","message":"","name":"C:/Users/Bobby/Bobbys-Workshop-/tests/unit/workflow-engine.test.js"}]}
